<?xml version="1.0" encoding="UTF-8"?>
<testsuite name="com.f_lab.joyeuse_planete.core.domain.OrderTest" tests="2" skipped="0" failures="0" errors="0" timestamp="2025-02-20T11:46:55" hostname="GUNHOui-MacBookPro-2.local" time="0.002">
  <properties/>
  <testcase name="할인 쿠폰이 있는 경우에 calculateTotalCost() 메서드" classname="com.f_lab.joyeuse_planete.core.domain.OrderTest" time="0.002"/>
  <testcase name="할인 쿠폰이 없는 경우에 calculateTotalCost() 메서드" classname="com.f_lab.joyeuse_planete.core.domain.OrderTest" time="0.0"/>
  <system-out><![CDATA[]]></system-out>
  <system-err><![CDATA[]]></system-err>
</testsuite>
